<?xml version="1.1" encoding="UTF-8"?>
<testsuite name="parsing.CreateTaskCommandTest" tests="1" failures="0" errors="0" timestamp="2013-11-01T19:51:47" hostname="breno-notebook" time="0.004">
  <properties/>
  <testcase name="testRun" classname="parsing.CreateTaskCommandTest" time="0.004"/>
  <system-out><![CDATA[]]></system-out>
  <system-err><![CDATA[]]></system-err>
</testsuite>
